<?xml version="1.0" encoding="UTF-8"?>
<!-- Generated by org.testng.reporters.JUnitXMLReporter -->
<testsuite hostname="RPIPL-DT-HP128" ignored="0" name="Test" tests="5" failures="1" timestamp="04 Dec 2019 08:30:12 GMT" time="5.351" errors="0">
  <testcase name="EmpPost" time="1.09" classname="RestAPI_GET_POST.RestAPIEmployeePost"/>
  <testcase name="UserPost" time="1.468" classname="RestAPI_GET_POST.RestAPIPost"/>
  <testcase name="UserDataPost" time="0.443" classname="RestAPI_GET_POST.RestAPIreqresPost">
    <failure type="javax.net.ssl.SSLHandshakeException" message="sun.security.validator.ValidatorException: PKIX path building failed: sun.security.provider.certpath.SunCertPathBuilderException: unable to find valid certification path to requested target">
      <![CDATA[javax.net.ssl.SSLHandshakeException: sun.security.validator.ValidatorException: PKIX path building failed: sun.security.provider.certpath.SunCertPathBuilderException: unable to find valid certification path to requested target
at sun.security.ssl.Alerts.getSSLException(Alerts.java:192)
at sun.security.ssl.SSLSocketImpl.fatal(SSLSocketImpl.java:1917)
at sun.security.ssl.Handshaker.fatalSE(Handshaker.java:301)
at sun.security.ssl.Handshaker.fatalSE(Handshaker.java:295)
at sun.security.ssl.ClientHandshaker.serverCertificate(ClientHandshaker.java:1369)
at sun.security.ssl.ClientHandshaker.processMessage(ClientHandshaker.java:156)
at sun.security.ssl.Handshaker.processLoop(Handshaker.java:925)
at sun.security.ssl.Handshaker.process_record(Handshaker.java:860)
at sun.security.ssl.SSLSocketImpl.readRecord(SSLSocketImpl.java:1043)
at sun.security.ssl.SSLSocketImpl.performInitialHandshake(SSLSocketImpl.java:1343)
at sun.security.ssl.SSLSocketImpl.startHandshake(SSLSocketImpl.java:1371)
at sun.security.ssl.SSLSocketImpl.startHandshake(SSLSocketImpl.java:1355)
at sun.net.www.protocol.https.HttpsClient.afterConnect(HttpsClient.java:563)
at sun.net.www.protocol.https.AbstractDelegateHttpsURLConnection.connect(AbstractDelegateHttpsURLConnection.java:185)
at sun.net.www.protocol.http.HttpURLConnection.getOutputStream0(HttpURLConnection.java:1281)
at sun.net.www.protocol.http.HttpURLConnection.getOutputStream(HttpURLConnection.java:1256)
at sun.net.www.protocol.https.HttpsURLConnectionImpl.getOutputStream(HttpsURLConnectionImpl.java:250)
at RestAPI_GET_POST.RestAPIreqresPost.UserDataPost(RestAPIreqresPost.java:26)
Caused by: sun.security.validator.ValidatorException: PKIX path building failed: sun.security.provider.certpath.SunCertPathBuilderException: unable to find valid certification path to requested target
at sun.security.validator.PKIXValidator.doBuild(PKIXValidator.java:387)
at sun.security.validator.PKIXValidator.engineValidate(PKIXValidator.java:292)
at sun.security.validator.Validator.validate(Validator.java:260)
at sun.security.ssl.X509TrustManagerImpl.validate(X509TrustManagerImpl.java:324)
at sun.security.ssl.X509TrustManagerImpl.checkTrusted(X509TrustManagerImpl.java:229)
at sun.security.ssl.X509TrustManagerImpl.checkServerTrusted(X509TrustManagerImpl.java:124)
at sun.security.ssl.ClientHandshaker.serverCertificate(ClientHandshaker.java:1351)
... 41 more
Caused by: sun.security.provider.certpath.SunCertPathBuilderException: unable to find valid certification path to requested target
at sun.security.provider.certpath.SunCertPathBuilder.build(SunCertPathBuilder.java:145)
at sun.security.provider.certpath.SunCertPathBuilder.engineBuild(SunCertPathBuilder.java:131)
at java.security.cert.CertPathBuilder.build(CertPathBuilder.java:280)
at sun.security.validator.PKIXValidator.doBuild(PKIXValidator.java:382)
... 47 more
... Removed 28 stack frames]]>
    </failure>
  </testcase> <!-- UserDataPost -->
  <testcase name="GETWhetherdata" time="1.606" classname="RestAPI_GET_POST.RestTestGETCityWeather"/>
  <testcase name="GETEmpdata" time="0.706" classname="RestAPI_GET_POST.RestTestGETemployees"/>
</testsuite> <!-- Test -->
