<?xml version="1.0" encoding="UTF-8"?>
<testsuite name="TestSuite" time="5.317" tests="5" errors="0" skipped="0" failures="1">
  <properties>
[...]
</properties>
  <testcase name="EmpPost" classname="RestAPI_GET_POST.RestAPIEmployeePost" time="1.089"/>
  <testcase name="UserPost" classname="RestAPI_GET_POST.RestAPIPost" time="1.464"/>
  <testcase name="UserDataPost" classname="RestAPI_GET_POST.RestAPIreqresPost" time="0.452">
    <failure message="sun.security.validator.ValidatorException: PKIX path building failed: sun.security.provider.certpath.SunCertPathBuilderException: unable to find valid certification path to requested target" type="javax.net.ssl.SSLHandshakeException">javax.net.ssl.SSLHandshakeException: sun.security.validator.ValidatorException: PKIX path building failed: sun.security.provider.certpath.SunCertPathBuilderException: unable to find valid certification path to requested target
	at sun.security.provider.certpath.SunCertPathBuilder.build(SunCertPathBuilder.java:145)
	at sun.security.provider.certpath.SunCertPathBuilder.engineBuild(SunCertPathBuilder.java:131)
	at java.security.cert.CertPathBuilder.build(CertPathBuilder.java:280)
	at sun.security.validator.PKIXValidator.doBuild(PKIXValidator.java:382)
	at sun.security.validator.PKIXValidator.engineValidate(PKIXValidator.java:292)
	at sun.security.validator.Validator.validate(Validator.java:260)
	at sun.security.ssl.X509TrustManagerImpl.validate(X509TrustManagerImpl.java:324)
	at sun.security.ssl.X509TrustManagerImpl.checkTrusted(X509TrustManagerImpl.java:229)
	at sun.security.ssl.X509TrustManagerImpl.checkServerTrusted(X509TrustManagerImpl.java:124)
	at sun.security.ssl.ClientHandshaker.serverCertificate(ClientHandshaker.java:1351)
	at sun.security.ssl.ClientHandshaker.processMessage(ClientHandshaker.java:156)
	at sun.security.ssl.Handshaker.processLoop(Handshaker.java:925)
	at sun.security.ssl.Handshaker.process_record(Handshaker.java:860)
	at sun.security.ssl.SSLSocketImpl.readRecord(SSLSocketImpl.java:1043)
	at sun.security.ssl.SSLSocketImpl.performInitialHandshake(SSLSocketImpl.java:1343)
	at sun.security.ssl.SSLSocketImpl.startHandshake(SSLSocketImpl.java:1371)
	at sun.security.ssl.SSLSocketImpl.startHandshake(SSLSocketImpl.java:1355)
	at sun.net.www.protocol.https.HttpsClient.afterConnect(HttpsClient.java:563)
	at sun.net.www.protocol.https.AbstractDelegateHttpsURLConnection.connect(AbstractDelegateHttpsURLConnection.java:185)
	at sun.net.www.protocol.http.HttpURLConnection.getOutputStream0(HttpURLConnection.java:1281)
	at sun.net.www.protocol.http.HttpURLConnection.getOutputStream(HttpURLConnection.java:1256)
	at sun.net.www.protocol.https.HttpsURLConnectionImpl.getOutputStream(HttpsURLConnectionImpl.java:250)
	at RestAPI_GET_POST.RestAPIreqresPost.UserDataPost(RestAPIreqresPost.java:26)
</failure>
    <system-out><![CDATA[{"data": {"id": 2,"email": "hari@reqres.in","first_name": "Janet","last_name": "Weaver","avatar": "https://s3.amazonaws.com/uifaces/faces/twitter/josephstein/128.jpg"}}
]]></system-out>
  </testcase>
  <testcase name="GETWhetherdata" classname="RestAPI_GET_POST.RestTestGETCityWeather" time="1.607"/>
  <testcase name="GETEmpdata" classname="RestAPI_GET_POST.RestTestGETemployees" time="0.705"/>
</testsuite>