<?xml version="1.0" encoding="UTF-8"?>
<testng-results skipped="0" failed="1" ignored="0" total="5" passed="4">
  <reporter-output>
  </reporter-output>
  <suite name="Suite" duration-ms="5351" started-at="2019-12-04T08:30:07Z" finished-at="2019-12-04T08:30:12Z">
    <groups>
    </groups>
    <test name="Test" duration-ms="5351" started-at="2019-12-04T08:30:07Z" finished-at="2019-12-04T08:30:12Z">
      <class name="RestAPI_GET_POST.RestTestGETemployees">
        <test-method status="PASS" signature="GETEmpdata()[pri:0, instance:RestAPI_GET_POST.RestTestGETemployees@3ac3fd8b]" name="GETEmpdata" duration-ms="706" started-at="2019-12-04T08:30:11Z" finished-at="2019-12-04T08:30:12Z">
          <reporter-output>
          </reporter-output>
        </test-method> <!-- GETEmpdata -->
      </class> <!-- RestAPI_GET_POST.RestTestGETemployees -->
      <class name="RestAPI_GET_POST.RestAPIreqresPost">
        <test-method status="FAIL" signature="UserDataPost()[pri:0, instance:RestAPI_GET_POST.RestAPIreqresPost@2133c8f8]" name="UserDataPost" duration-ms="443" started-at="2019-12-04T08:30:09Z" finished-at="2019-12-04T08:30:10Z">
          <exception class="javax.net.ssl.SSLHandshakeException">
            <message>
              <![CDATA[sun.security.validator.ValidatorException: PKIX path building failed: sun.security.provider.certpath.SunCertPathBuilderException: unable to find valid certification path to requested target]]>
            </message>
            <full-stacktrace>
              <![CDATA[javax.net.ssl.SSLHandshakeException: sun.security.validator.ValidatorException: PKIX path building failed: sun.security.provider.certpath.SunCertPathBuilderException: unable to find valid certification path to requested target
at sun.security.ssl.Alerts.getSSLException(Alerts.java:192)
at sun.security.ssl.SSLSocketImpl.fatal(SSLSocketImpl.java:1917)
at sun.security.ssl.Handshaker.fatalSE(Handshaker.java:301)
at sun.security.ssl.Handshaker.fatalSE(Handshaker.java:295)
at sun.security.ssl.ClientHandshaker.serverCertificate(ClientHandshaker.java:1369)
at sun.security.ssl.ClientHandshaker.processMessage(ClientHandshaker.java:156)
at sun.security.ssl.Handshaker.processLoop(Handshaker.java:925)
at sun.security.ssl.Handshaker.process_record(Handshaker.java:860)
at sun.security.ssl.SSLSocketImpl.readRecord(SSLSocketImpl.java:1043)
at sun.security.ssl.SSLSocketImpl.performInitialHandshake(SSLSocketImpl.java:1343)
at sun.security.ssl.SSLSocketImpl.startHandshake(SSLSocketImpl.java:1371)
at sun.security.ssl.SSLSocketImpl.startHandshake(SSLSocketImpl.java:1355)
at sun.net.www.protocol.https.HttpsClient.afterConnect(HttpsClient.java:563)
at sun.net.www.protocol.https.AbstractDelegateHttpsURLConnection.connect(AbstractDelegateHttpsURLConnection.java:185)
at sun.net.www.protocol.http.HttpURLConnection.getOutputStream0(HttpURLConnection.java:1281)
at sun.net.www.protocol.http.HttpURLConnection.getOutputStream(HttpURLConnection.java:1256)
at sun.net.www.protocol.https.HttpsURLConnectionImpl.getOutputStream(HttpsURLConnectionImpl.java:250)
at RestAPI_GET_POST.RestAPIreqresPost.UserDataPost(RestAPIreqresPost.java:26)
at sun.reflect.NativeMethodAccessorImpl.invoke0(Native Method)
at sun.reflect.NativeMethodAccessorImpl.invoke(NativeMethodAccessorImpl.java:62)
at sun.reflect.DelegatingMethodAccessorImpl.invoke(DelegatingMethodAccessorImpl.java:43)
at java.lang.reflect.Method.invoke(Method.java:483)
at org.testng.internal.MethodInvocationHelper.invokeMethod(MethodInvocationHelper.java:124)
at org.testng.internal.Invoker.invokeMethod(Invoker.java:583)
at org.testng.internal.Invoker.invokeTestMethod(Invoker.java:719)
at org.testng.internal.Invoker.invokeTestMethods(Invoker.java:989)
at org.testng.internal.TestMethodWorker.invokeTestMethods(TestMethodWorker.java:125)
at org.testng.internal.TestMethodWorker.run(TestMethodWorker.java:109)
at org.testng.TestRunner.privateRun(TestRunner.java:648)
at org.testng.TestRunner.run(TestRunner.java:505)
at org.testng.SuiteRunner.runTest(SuiteRunner.java:455)
at org.testng.SuiteRunner.runSequentially(SuiteRunner.java:450)
at org.testng.SuiteRunner.privateRun(SuiteRunner.java:415)
at org.testng.SuiteRunner.run(SuiteRunner.java:364)
at org.testng.SuiteRunnerWorker.runSuite(SuiteRunnerWorker.java:52)
at org.testng.SuiteRunnerWorker.run(SuiteRunnerWorker.java:84)
at org.testng.TestNG.runSuitesSequentially(TestNG.java:1208)
at org.testng.TestNG.runSuitesLocally(TestNG.java:1137)
at org.testng.TestNG.runSuites(TestNG.java:1049)
at org.testng.TestNG.run(TestNG.java:1017)
at org.apache.maven.surefire.testng.TestNGExecutor.run(TestNGExecutor.java:295)
at org.apache.maven.surefire.testng.TestNGXmlTestSuite.execute(TestNGXmlTestSuite.java:84)
at org.apache.maven.surefire.testng.TestNGProvider.invoke(TestNGProvider.java:90)
at org.apache.maven.surefire.booter.ForkedBooter.invokeProviderInSameClassLoader(ForkedBooter.java:203)
at org.apache.maven.surefire.booter.ForkedBooter.runSuitesInProcess(ForkedBooter.java:155)
at org.apache.maven.surefire.booter.ForkedBooter.main(ForkedBooter.java:103)
Caused by: sun.security.validator.ValidatorException: PKIX path building failed: sun.security.provider.certpath.SunCertPathBuilderException: unable to find valid certification path to requested target
at sun.security.validator.PKIXValidator.doBuild(PKIXValidator.java:387)
at sun.security.validator.PKIXValidator.engineValidate(PKIXValidator.java:292)
at sun.security.validator.Validator.validate(Validator.java:260)
at sun.security.ssl.X509TrustManagerImpl.validate(X509TrustManagerImpl.java:324)
at sun.security.ssl.X509TrustManagerImpl.checkTrusted(X509TrustManagerImpl.java:229)
at sun.security.ssl.X509TrustManagerImpl.checkServerTrusted(X509TrustManagerImpl.java:124)
at sun.security.ssl.ClientHandshaker.serverCertificate(ClientHandshaker.java:1351)
... 41 more
Caused by: sun.security.provider.certpath.SunCertPathBuilderException: unable to find valid certification path to requested target
at sun.security.provider.certpath.SunCertPathBuilder.build(SunCertPathBuilder.java:145)
at sun.security.provider.certpath.SunCertPathBuilder.engineBuild(SunCertPathBuilder.java:131)
at java.security.cert.CertPathBuilder.build(CertPathBuilder.java:280)
at sun.security.validator.PKIXValidator.doBuild(PKIXValidator.java:382)
... 47 more
]]>
            </full-stacktrace>
          </exception> <!-- javax.net.ssl.SSLHandshakeException -->
          <reporter-output>
          </reporter-output>
        </test-method> <!-- UserDataPost -->
      </class> <!-- RestAPI_GET_POST.RestAPIreqresPost -->
      <class name="RestAPI_GET_POST.RestTestGETCityWeather">
        <test-method status="PASS" signature="GETWhetherdata()[pri:0, instance:RestAPI_GET_POST.RestTestGETCityWeather@43a25848]" name="GETWhetherdata" duration-ms="1606" started-at="2019-12-04T08:30:10Z" finished-at="2019-12-04T08:30:11Z">
          <reporter-output>
          </reporter-output>
        </test-method> <!-- GETWhetherdata -->
      </class> <!-- RestAPI_GET_POST.RestTestGETCityWeather -->
      <class name="RestAPI_GET_POST.RestAPIEmployeePost">
        <test-method status="PASS" signature="EmpPost()[pri:0, instance:RestAPI_GET_POST.RestAPIEmployeePost@7c30a502]" name="EmpPost" duration-ms="1090" started-at="2019-12-04T08:30:07Z" finished-at="2019-12-04T08:30:08Z">
          <reporter-output>
          </reporter-output>
        </test-method> <!-- EmpPost -->
      </class> <!-- RestAPI_GET_POST.RestAPIEmployeePost -->
      <class name="RestAPI_GET_POST.RestAPIPost">
        <test-method status="PASS" signature="UserPost()[pri:0, instance:RestAPI_GET_POST.RestAPIPost@49e4cb85]" name="UserPost" duration-ms="1468" started-at="2019-12-04T08:30:08Z" finished-at="2019-12-04T08:30:09Z">
          <reporter-output>
          </reporter-output>
        </test-method> <!-- UserPost -->
      </class> <!-- RestAPI_GET_POST.RestAPIPost -->
    </test> <!-- Test -->
  </suite> <!-- Suite -->
</testng-results>
